<?xml version="1.0" encoding="UTF-8"?>
<testsuite name="com.example.demospringbootec2.DemoSpringbootEc2ApplicationTests" tests="1" skipped="0" failures="0" errors="0" timestamp="2023-01-21T17:02:50" hostname="MacBook-Pro.localdomain" time="0.235">
  <properties/>
  <testcase name="contextLoads()" classname="com.example.demospringbootec2.DemoSpringbootEc2ApplicationTests" time="0.235"/>
  <system-out><![CDATA[00:02:49.359 [Test worker] DEBUG org.springframework.boot.test.context.SpringBootTestContextBootstrapper - Neither @ContextConfiguration nor @ContextHierarchy found for test class [DemoSpringbootEc2ApplicationTests]: using SpringBootContextLoader
00:02:49.362 [Test worker] DEBUG org.springframework.test.context.support.AbstractContextLoader - Could not detect default resource locations for test class [com.example.demospringbootec2.DemoSpringbootEc2ApplicationTests]: no resource found for suffixes {-context.xml, Context.groovy}.
00:02:49.363 [Test worker] INFO org.springframework.test.context.support.AnnotationConfigContextLoaderUtils - Could not detect default configuration classes for test class [com.example.demospringbootec2.DemoSpringbootEc2ApplicationTests]: DemoSpringbootEc2ApplicationTests does not declare any static, non-private, non-final, nested classes annotated with @Configuration.
00:02:49.373 [Test worker] DEBUG org.springframework.boot.test.context.SpringBootTestContextBootstrapper - Using ContextCustomizers for test class [DemoSpringbootEc2ApplicationTests]: [DisableObservabilityContextCustomizer, PropertyMappingContextCustomizer, Customizer, ExcludeFilterContextCustomizer, DuplicateJsonObjectContextCustomizer, MockitoContextCustomizer, TestRestTemplateContextCustomizer]
00:02:49.426 [Test worker] DEBUG org.springframework.context.annotation.ClassPathScanningCandidateComponentProvider - Identified candidate component class: file [/Users/florentin.ap/Documents/flo_learns_java/demo-springboot-ec2/build/classes/java/main/com/example/demospringbootec2/DemoSpringbootEc2Application.class]
00:02:49.428 [Test worker] INFO org.springframework.boot.test.context.SpringBootTestContextBootstrapper - Found @SpringBootConfiguration com.example.demospringbootec2.DemoSpringbootEc2Application for test class com.example.demospringbootec2.DemoSpringbootEc2ApplicationTests
00:02:49.489 [Test worker] DEBUG org.springframework.test.context.util.TestContextSpringFactoriesUtils - Skipping candidate TestExecutionListener [org.springframework.test.context.transaction.TransactionalTestExecutionListener] due to a missing dependency. Specify custom TestExecutionListener classes or make the default TestExecutionListener classes and their required dependencies available. Offending class: [org/springframework/transaction/interceptor/TransactionAttributeSource]
00:02:49.491 [Test worker] DEBUG org.springframework.test.context.util.TestContextSpringFactoriesUtils - Skipping candidate TestExecutionListener [org.springframework.test.context.jdbc.SqlScriptsTestExecutionListener] due to a missing dependency. Specify custom TestExecutionListener classes or make the default TestExecutionListener classes and their required dependencies available. Offending class: [org/springframework/transaction/interceptor/TransactionAttribute]
00:02:49.493 [Test worker] DEBUG org.springframework.boot.test.context.SpringBootTestContextBootstrapper - Using TestExecutionListeners for test class [DemoSpringbootEc2ApplicationTests]: [ServletTestExecutionListener, DirtiesContextBeforeModesTestExecutionListener, ApplicationEventsTestExecutionListener, MockitoTestExecutionListener, DependencyInjectionTestExecutionListener, DirtiesContextTestExecutionListener, EventPublishingTestExecutionListener, RestDocsTestExecutionListener, MockRestServiceServerResetTestExecutionListener, MockMvcPrintOnlyOnFailureTestExecutionListener, WebDriverTestExecutionListener, MockWebServiceServerTestExecutionListener, ResetMocksTestExecutionListener]
00:02:49.495 [Test worker] DEBUG org.springframework.test.context.support.AbstractDirtiesContextTestExecutionListener - Before test class: class [DemoSpringbootEc2ApplicationTests], class annotated with @DirtiesContext [false] with mode [null]

  .   ____          _            __ _ _
 /\\ / ___'_ __ _ _(_)_ __  __ _ \ \ \ \
( ( )\___ | '_ | '_| | '_ \/ _` | \ \ \ \
 \\/  ___)| |_)| | | | | || (_| |  ) ) ) )
  '  |____| .__|_| |_|_| |_\__, | / / / /
 =========|_|==============|___/=/_/_/_/
 :: Spring Boot ::                (v3.0.2)

2023-01-22T00:02:49.625+07:00  INFO 95892 --- [    Test worker] c.e.d.DemoSpringbootEc2ApplicationTests  : Starting DemoSpringbootEc2ApplicationTests using Java 17.0.5 with PID 95892 (started by florentin.ap in /Users/florentin.ap/Documents/flo_learns_java/demo-springboot-ec2)
2023-01-22T00:02:49.626+07:00  INFO 95892 --- [    Test worker] c.e.d.DemoSpringbootEc2ApplicationTests  : The following 1 profile is active: "dev"
2023-01-22T00:02:50.038+07:00  INFO 95892 --- [    Test worker] c.e.d.DemoSpringbootEc2ApplicationTests  : Started DemoSpringbootEc2ApplicationTests in 0.489 seconds (process running for 1.05)
]]></system-out>
  <system-err><![CDATA[]]></system-err>
</testsuite>
